<?xml version="1.0" encoding="UTF-8"?>
<testng-results skipped="0" failed="0" ignored="0" total="1" passed="1">
  <reporter-output>
  </reporter-output>
  <suite name="Default suite" duration-ms="61492" started-at="2018-11-02T12:21:32Z" finished-at="2018-11-02T12:22:34Z">
    <groups>
    </groups>
    <test name="Default test" duration-ms="61492" started-at="2018-11-02T12:21:32Z" finished-at="2018-11-02T12:22:34Z">
      <class name="testcases.IntiateTracsactions_tc">
        <test-method status="PASS" signature="_beforeSuite()[pri:0, instance:testcases.IntiateTracsactions_tc@1fffcd7]" name="_beforeSuite" is-config="true" duration-ms="1435" started-at="2018-11-02T12:21:31Z" finished-at="2018-11-02T12:21:32Z">
          <reporter-output>
          </reporter-output>
        </test-method> <!-- _beforeSuite -->
        <test-method status="PASS" signature="beforeMethoed()[pri:0, instance:testcases.IntiateTracsactions_tc@1fffcd7]" name="beforeMethoed" is-config="true" duration-ms="15231" started-at="2018-11-02T12:21:32Z" finished-at="2018-11-02T12:21:48Z">
          <reporter-output>
          </reporter-output>
        </test-method> <!-- beforeMethoed -->
        <test-method status="PASS" signature="submit_NCD_Form1()[pri:0, instance:testcases.IntiateTracsactions_tc@1fffcd7]" name="submit_NCD_Form1" duration-ms="44607" started-at="2018-11-02T12:21:48Z" finished-at="2018-11-02T12:22:32Z">
          <reporter-output>
          </reporter-output>
        </test-method> <!-- submit_NCD_Form1 -->
        <test-method status="PASS" signature="afterMethoed()[pri:0, instance:testcases.IntiateTracsactions_tc@1fffcd7]" name="afterMethoed" is-config="true" duration-ms="1619" started-at="2018-11-02T12:22:32Z" finished-at="2018-11-02T12:22:34Z">
          <reporter-output>
          </reporter-output>
        </test-method> <!-- afterMethoed -->
        <test-method status="PASS" signature="_afterSuite()[pri:0, instance:testcases.IntiateTracsactions_tc@1fffcd7]" name="_afterSuite" is-config="true" duration-ms="723" started-at="2018-11-02T12:22:34Z" finished-at="2018-11-02T12:22:35Z">
          <reporter-output>
          </reporter-output>
        </test-method> <!-- _afterSuite -->
      </class> <!-- testcases.IntiateTracsactions_tc -->
    </test> <!-- Default test -->
  </suite> <!-- Default suite -->
</testng-results>
